S:\NUCLEAR\NP03\MS_STUDIO\NP03\NP03\DEBUG\NP03.PCH
S:\NUCLEAR\NP03\MS_STUDIO\NP03\NP03\DEBUG\STDAFX.OBJ
S:\NUCLEAR\NP03\MS_STUDIO\NP03\NP03\DEBUG\VC110.PDB
S:\NUCLEAR\NP03\MS_STUDIO\NP03\NP03\DEBUG\NP03.OBJ
S:\NUCLEAR\NP03\MS_STUDIO\NP03\DEBUG\NP03.ILK
S:\NUCLEAR\NP03\MS_STUDIO\NP03\DEBUG\NP03.EXE
S:\NUCLEAR\NP03\MS_STUDIO\NP03\DEBUG\NP03.PDB
S:\Nuclear\NP03\MS_Studio\NP03\NP03\Debug\NP03.obj
S:\Nuclear\NP03\MS_Studio\NP03\NP03\Debug\stdafx.obj
S:\Nuclear\NP03\MS_Studio\NP03\NP03\Debug\cl.command.1.tlog
S:\Nuclear\NP03\MS_Studio\NP03\NP03\Debug\CL.read.1.tlog
S:\Nuclear\NP03\MS_Studio\NP03\NP03\Debug\CL.write.1.tlog
S:\Nuclear\NP03\MS_Studio\NP03\NP03\Debug\link-cvtres.read.1.tlog
S:\Nuclear\NP03\MS_Studio\NP03\NP03\Debug\link-cvtres.write.1.tlog
S:\Nuclear\NP03\MS_Studio\NP03\NP03\Debug\link-rc.read.1.tlog
S:\Nuclear\NP03\MS_Studio\NP03\NP03\Debug\link-rc.write.1.tlog
S:\Nuclear\NP03\MS_Studio\NP03\NP03\Debug\link.command.1.tlog
S:\Nuclear\NP03\MS_Studio\NP03\NP03\Debug\link.read.1.tlog
S:\Nuclear\NP03\MS_Studio\NP03\NP03\Debug\link.write.1.tlog
S:\Nuclear\NP03\MS_Studio\NP03\NP03\Debug\NP03.pch
S:\Nuclear\NP03\MS_Studio\NP03\NP03\Debug\vc110.idb
S:\Nuclear\NP03\MS_Studio\NP03\NP03\Debug\vc110.pdb
S:\Nuclear\NP03\MS_Studio\NP03\Debug\NP03.pdb
S:\Nuclear\NP03\MS_Studio\NP03\Debug\NP03.exe
S:\Nuclear\NP03\MS_Studio\NP03\Debug\NP03.ilk
